BogdanNextDoor-main1/Fury3/app/build/intermediates/manifest_merge_blame_file/debug/manifest-merger-blame-debug-report.txt
1<?xml version="1.0" encoding="utf-8"?>
2<manifest xmlns:android="http://schemas.android.com/apk/res/android"
3    package="com.example.fury"
4    android:versionCode="1"
5    android:versionName="1.0" >
6
7    <uses-sdk
8        android:minSdkVersion="25"
8-->src\main\AndroidManifest.xml
9        android:targetSdkVersion="29" />
9-->src\main\AndroidManifest.xml
10
11    <application
11-->src\main\AndroidManifest.xml:5:5-63:19
12        android:allowBackup="true"
12-->src\main\AndroidManifest.xml:6:9-35
13        android:appComponentFactory="androidx.core.app.CoreComponentFactory"
13-->[androidx.core:core:1.3.1] AndroidManifest.xml:24:18-86
14        android:debuggable="true"
15        android:extractNativeLibs="false"
16        android:icon="@mipmap/ic_launcher"
16-->src\main\AndroidManifest.xml:7:9-43
17        android:label="@string/app_name"
17-->src\main\AndroidManifest.xml:8:9-41
18        android:roundIcon="@mipmap/ic_launcher_round"
18-->src\main\AndroidManifest.xml:9:9-54
19        android:supportsRtl="true"
19-->src\main\AndroidManifest.xml:10:9-35
20        android:testOnly="true"
21        android:theme="@style/Theme.Fury" >
21-->src\main\AndroidManifest.xml:11:9-42
22        <activity
22-->src\main\AndroidManifest.xml:12:9-22:20
23            android:name="com.example.fury.Shell"
23-->src\main\AndroidManifest.xml:13:13-34
24            android:clearTaskOnLaunch="true"
24-->src\main\AndroidManifest.xml:14:13-45
25            android:launchMode="singleTask"
25-->src\main\AndroidManifest.xml:15:13-44
26            android:screenOrientation="landscape" >
26-->src\main\AndroidManifest.xml:16:13-50
27            <intent-filter>
27-->src\main\AndroidManifest.xml:17:13-21:29
28                <action android:name="android.intent.action.MAIN" />
28-->src\main\AndroidManifest.xml:18:17-69
28-->src\main\AndroidManifest.xml:18:25-66
29
30                <category android:name="android.intent.category.LAUNCHER" />
30-->src\main\AndroidManifest.xml:20:17-77
30-->src\main\AndroidManifest.xml:20:27-74
31            </intent-filter>
32        </activity>
33        <activity
33-->src\main\AndroidManifest.xml:23:9-27:53
34            android:name="com.example.fury.MainActivity"
34-->src\main\AndroidManifest.xml:24:13-41
35            android:clearTaskOnLaunch="true"
35-->src\main\AndroidManifest.xml:25:13-45
36            android:launchMode="singleTask"
36-->src\main\AndroidManifest.xml:26:13-44
37            android:screenOrientation="landscape" />
37-->src\main\AndroidManifest.xml:27:13-50
38        <activity
38-->src\main\AndroidManifest.xml:29:9-33:53
39            android:name="com.example.fury.Preloading"
39-->src\main\AndroidManifest.xml:30:13-39
40            android:clearTaskOnLaunch="true"
40-->src\main\AndroidManifest.xml:31:13-45
41            android:launchMode="singleTask"
41-->src\main\AndroidManifest.xml:32:13-44
42            android:screenOrientation="landscape" />
42-->src\main\AndroidManifest.xml:33:13-50
43        <activity
43-->src\main\AndroidManifest.xml:34:9-38:53
44            android:name="com.example.fury.Kitchen"
44-->src\main\AndroidManifest.xml:35:13-36
45            android:clearTaskOnLaunch="true"
45-->src\main\AndroidManifest.xml:36:13-45
46            android:launchMode="singleTask"
46-->src\main\AndroidManifest.xml:37:13-44
47            android:screenOrientation="landscape" />
47-->src\main\AndroidManifest.xml:38:13-50
48        <activity
48-->src\main\AndroidManifest.xml:39:9-43:53
49            android:name="com.example.fury.Fridge"
49-->src\main\AndroidManifest.xml:40:13-35
50            android:clearTaskOnLaunch="true"
50-->src\main\AndroidManifest.xml:41:13-45
51            android:launchMode="singleTask"
51-->src\main\AndroidManifest.xml:42:13-44
52            android:screenOrientation="landscape" />
52-->src\main\AndroidManifest.xml:43:13-50
53        <activity
53-->src\main\AndroidManifest.xml:45:9-49:53
54            android:name="com.example.fury.Bath"
54-->src\main\AndroidManifest.xml:46:13-33
55            android:clearTaskOnLaunch="true"
55-->src\main\AndroidManifest.xml:47:13-45
56            android:launchMode="singleTask"
56-->src\main\AndroidManifest.xml:48:13-44
57            android:screenOrientation="landscape" />
57-->src\main\AndroidManifest.xml:49:13-50
58        <activity
58-->src\main\AndroidManifest.xml:51:9-55:53
59            android:name="com.example.fury.SleepRoom"
59-->src\main\AndroidManifest.xml:52:13-38
60            android:clearTaskOnLaunch="true"
60-->src\main\AndroidManifest.xml:53:13-45
61            android:launchMode="singleTask"
61-->src\main\AndroidManifest.xml:54:13-44
62            android:screenOrientation="landscape" />
62-->src\main\AndroidManifest.xml:55:13-50
63        <activity
63-->src\main\AndroidManifest.xml:57:9-61:53
64            android:name="com.example.fury.FlappyBird"
64-->src\main\AndroidManifest.xml:58:13-39
65            android:clearTaskOnLaunch="true"
65-->src\main\AndroidManifest.xml:59:13-45
66            android:launchMode="singleTask"
66-->src\main\AndroidManifest.xml:60:13-44
67            android:screenOrientation="landscape" />
67-->src\main\AndroidManifest.xml:61:13-50
68    </application>
69
70</manifest>